app/build/outputs/logs/manifest-merger-debug-report.txt
-- Merging decision tree log ---
manifest
ADDED from AndroidManifest.xml:2:1
	package
		ADDED from AndroidManifest.xml:3:5
		INJECTED from AndroidManifest.xml:0:0
		INJECTED from AndroidManifest.xml:0:0
	android:versionName
		INJECTED from AndroidManifest.xml:0:0
		INJECTED from AndroidManifest.xml:0:0
	xmlns:android
		ADDED from AndroidManifest.xml:2:11
	android:versionCode
		INJECTED from AndroidManifest.xml:0:0
		INJECTED from AndroidManifest.xml:0:0
uses-permission#android.permission.INTERNET
ADDED from AndroidManifest.xml:5:5
	android:name
		ADDED from AndroidManifest.xml:5:22
application
ADDED from AndroidManifest.xml:7:5
MERGED from com.android.support:appcompat-v7:23.2.1:25:5
MERGED from com.android.support:support-v4:24.0.0-alpha1:22:5
MERGED from com.android.support:animated-vector-drawable:23.2.1:7:5
MERGED from com.android.support:support-vector-drawable:23.2.1:7:5
MERGED from com.android.support:support-v4:24.0.0-alpha1:22:5
MERGED from com.android.support:support-vector-drawable:23.2.1:7:5
MERGED from com.android.support:support-v4:24.0.0-alpha1:22:5
MERGED from com.android.support:support-v4:24.0.0-alpha1:22:5
MERGED from com.github.Lukle:ClickableAreasImages:v0.1:11:5
MERGED from com.android.support:appcompat-v7:23.2.1:25:5
MERGED from com.android.support:support-v4:24.0.0-alpha1:22:5
MERGED from com.android.support:animated-vector-drawable:23.2.1:7:5
MERGED from com.android.support:support-vector-drawable:23.2.1:7:5
MERGED from com.android.support:support-v4:24.0.0-alpha1:22:5
MERGED from com.android.support:support-vector-drawable:23.2.1:7:5
MERGED from com.android.support:support-v4:24.0.0-alpha1:22:5
MERGED from com.android.support:support-v4:24.0.0-alpha1:22:5
MERGED from com.android.support:design:23.1.1:22:5
MERGED from com.android.support:appcompat-v7:23.2.1:25:5
MERGED from com.android.support:support-v4:24.0.0-alpha1:22:5
MERGED from com.android.support:animated-vector-drawable:23.2.1:7:5
MERGED from com.android.support:support-vector-drawable:23.2.1:7:5
MERGED from com.android.support:support-v4:24.0.0-alpha1:22:5
MERGED from com.android.support:support-vector-drawable:23.2.1:7:5
MERGED from com.android.support:support-v4:24.0.0-alpha1:22:5
MERGED from com.android.support:support-v4:24.0.0-alpha1:22:5
MERGED from com.android.support:support-v4:24.0.0-alpha1:22:5
MERGED from com.android.support:support-v4:24.0.0-alpha1:22:5
	android:label
		ADDED from AndroidManifest.xml:10:9
	android:supportsRtl
		ADDED from AndroidManifest.xml:11:9
	android:allowBackup
		ADDED from AndroidManifest.xml:8:9
	android:icon
		ADDED from AndroidManifest.xml:9:9
	android:theme
		ADDED from AndroidManifest.xml:12:9
activity#info.androidhive.materialdesign.activity.SplashScreen
ADDED from AndroidManifest.xml:14:9
	android:screenOrientation
		ADDED from AndroidManifest.xml:17:13
	android:label
		ADDED from AndroidManifest.xml:16:13
	android:name
		ADDED from AndroidManifest.xml:15:13
intent-filter#android.intent.action.MAIN+android.intent.category.LAUNCHER
ADDED from AndroidManifest.xml:18:13
action#android.intent.action.MAIN
ADDED from AndroidManifest.xml:19:17
	android:name
		ADDED from AndroidManifest.xml:19:25
category#android.intent.category.LAUNCHER
ADDED from AndroidManifest.xml:21:17
	android:name
		ADDED from AndroidManifest.xml:21:27
activity#info.androidhive.materialdesign.activity.MainActivity
ADDED from AndroidManifest.xml:25:9
	android:screenOrientation
		ADDED from AndroidManifest.xml:28:13
	android:label
		ADDED from AndroidManifest.xml:27:13
	android:name
		ADDED from AndroidManifest.xml:26:13
intent-filter#android.intent.action.MAIN
ADDED from AndroidManifest.xml:29:13
activity#info.androidhive.materialdesign.activity.Quiz
ADDED from AndroidManifest.xml:34:9
	android:screenOrientation
		ADDED from AndroidManifest.xml:37:13
	android:label
		ADDED from AndroidManifest.xml:36:13
	android:name
		ADDED from AndroidManifest.xml:35:13
activity#info.androidhive.materialdesign.activity.QuizImage
ADDED from AndroidManifest.xml:43:9
	android:screenOrientation
		ADDED from AndroidManifest.xml:46:13
	android:label
		ADDED from AndroidManifest.xml:45:13
	android:name
		ADDED from AndroidManifest.xml:44:13
activity#info.androidhive.materialdesign.activity.QuizFill
ADDED from AndroidManifest.xml:52:9
	android:screenOrientation
		ADDED from AndroidManifest.xml:55:13
	android:label
		ADDED from AndroidManifest.xml:54:13
	android:name
		ADDED from AndroidManifest.xml:53:13
activity#info.androidhive.materialdesign.activity.QuizProcedure
ADDED from AndroidManifest.xml:61:9
	android:screenOrientation
		ADDED from AndroidManifest.xml:64:13
	android:label
		ADDED from AndroidManifest.xml:63:13
	android:name
		ADDED from AndroidManifest.xml:62:13
activity#info.androidhive.materialdesign.activity.DictionaryActivity
ADDED from AndroidManifest.xml:70:9
	android:screenOrientation
		ADDED from AndroidManifest.xml:73:13
	android:label
		ADDED from AndroidManifest.xml:72:13
	android:windowSoftInputMode
		ADDED from AndroidManifest.xml:74:13
	android:name
		ADDED from AndroidManifest.xml:71:13
activity#info.androidhive.materialdesign.activity.LessonList
ADDED from AndroidManifest.xml:80:9
	android:screenOrientation
		ADDED from AndroidManifest.xml:83:13
	android:label
		ADDED from AndroidManifest.xml:82:13
	android:windowSoftInputMode
		ADDED from AndroidManifest.xml:84:13
	android:name
		ADDED from AndroidManifest.xml:81:13
activity#info.androidhive.materialdesign.activity.Video
ADDED from AndroidManifest.xml:90:9
	android:screenOrientation
		ADDED from AndroidManifest.xml:93:13
	android:label
		ADDED from AndroidManifest.xml:92:13
	android:name
		ADDED from AndroidManifest.xml:91:13
activity#info.androidhive.materialdesign.activity.PlayVideo
ADDED from AndroidManifest.xml:99:9
	android:screenOrientation
		ADDED from AndroidManifest.xml:102:13
	android:label
		ADDED from AndroidManifest.xml:101:13
	android:name
		ADDED from AndroidManifest.xml:100:13
activity#info.androidhive.materialdesign.activity.About
ADDED from AndroidManifest.xml:108:9
	android:screenOrientation
		ADDED from AndroidManifest.xml:111:13
	android:label
		ADDED from AndroidManifest.xml:110:13
	android:name
		ADDED from AndroidManifest.xml:109:13
activity#info.androidhive.materialdesign.activity.lesson.AuxBoilerOperation.MainActivity
ADDED from AndroidManifest.xml:117:9
	android:screenOrientation
		ADDED from AndroidManifest.xml:120:13
	android:label
		ADDED from AndroidManifest.xml:119:13
	android:name
		ADDED from AndroidManifest.xml:118:13
activity#info.androidhive.materialdesign.activity.lesson.AuxEngine.MainActivity
ADDED from AndroidManifest.xml:126:9
	android:screenOrientation
		ADDED from AndroidManifest.xml:129:13
	android:label
		ADDED from AndroidManifest.xml:128:13
	android:name
		ADDED from AndroidManifest.xml:127:13
activity#info.androidhive.materialdesign.activity.lesson.FreshWaterGenerator.MainActivity
ADDED from AndroidManifest.xml:135:9
	android:screenOrientation
		ADDED from AndroidManifest.xml:138:13
	android:label
		ADDED from AndroidManifest.xml:137:13
	android:name
		ADDED from AndroidManifest.xml:136:13
activity#info.androidhive.materialdesign.activity.lesson.OperationOfGenerator.MainActivity
ADDED from AndroidManifest.xml:144:9
	android:screenOrientation
		ADDED from AndroidManifest.xml:147:13
	android:label
		ADDED from AndroidManifest.xml:146:13
	android:name
		ADDED from AndroidManifest.xml:145:13
activity#info.androidhive.materialdesign.activity.lesson.SteeringGear.MainActivity
ADDED from AndroidManifest.xml:153:9
	android:screenOrientation
		ADDED from AndroidManifest.xml:156:13
	android:label
		ADDED from AndroidManifest.xml:155:13
	android:name
		ADDED from AndroidManifest.xml:154:13
activity#info.androidhive.materialdesign.activity.Model
ADDED from AndroidManifest.xml:162:9
	android:screenOrientation
		ADDED from AndroidManifest.xml:165:13
	android:label
		ADDED from AndroidManifest.xml:164:13
	android:name
		ADDED from AndroidManifest.xml:163:13
activity#info.androidhive.materialdesign.activity.Simulation3D.Chiller
ADDED from AndroidManifest.xml:171:9
	android:screenOrientation
		ADDED from AndroidManifest.xml:174:13
	android:label
		ADDED from AndroidManifest.xml:173:13
	android:name
		ADDED from AndroidManifest.xml:172:13
activity#info.androidhive.materialdesign.activity.Simulation3D.ControlPanel
ADDED from AndroidManifest.xml:180:9
	android:screenOrientation
		ADDED from AndroidManifest.xml:183:13
	android:label
		ADDED from AndroidManifest.xml:182:13
	android:name
		ADDED from AndroidManifest.xml:181:13
activity#info.androidhive.materialdesign.activity.Simulation3D.ShipsSteering
ADDED from AndroidManifest.xml:189:9
	android:screenOrientation
		ADDED from AndroidManifest.xml:192:13
	android:label
		ADDED from AndroidManifest.xml:191:13
	android:name
		ADDED from AndroidManifest.xml:190:13
activity#info.androidhive.materialdesign.activity.Simulation3D.SteamTurbine
ADDED from AndroidManifest.xml:198:9
	android:screenOrientation
		ADDED from AndroidManifest.xml:201:13
	android:label
		ADDED from AndroidManifest.xml:200:13
	android:name
		ADDED from AndroidManifest.xml:199:13
activity#info.androidhive.materialdesign.activity.Simulation3D.StopValve
ADDED from AndroidManifest.xml:207:9
	android:screenOrientation
		ADDED from AndroidManifest.xml:210:13
	android:label
		ADDED from AndroidManifest.xml:209:13
	android:name
		ADDED from AndroidManifest.xml:208:13
activity#info.androidhive.materialdesign.activity.ScoreBoard
ADDED from AndroidManifest.xml:216:9
	android:screenOrientation
		ADDED from AndroidManifest.xml:219:13
	android:label
		ADDED from AndroidManifest.xml:218:13
	android:name
		ADDED from AndroidManifest.xml:217:13
activity#info.androidhive.materialdesign.activity.Summary
ADDED from AndroidManifest.xml:225:9
	android:screenOrientation
		ADDED from AndroidManifest.xml:228:13
	android:label
		ADDED from AndroidManifest.xml:227:13
	android:name
		ADDED from AndroidManifest.xml:226:13
activity#info.androidhive.materialdesign.activity.ImageSummary
ADDED from AndroidManifest.xml:234:9
	android:screenOrientation
		ADDED from AndroidManifest.xml:237:13
	android:label
		ADDED from AndroidManifest.xml:236:13
	android:name
		ADDED from AndroidManifest.xml:235:13
activity#info.androidhive.materialdesign.activity.Simulation.FWG
ADDED from AndroidManifest.xml:243:9
	android:name
		ADDED from AndroidManifest.xml:243:19
activity#info.androidhive.materialdesign.activity.Simulation.FWGStart
ADDED from AndroidManifest.xml:245:9
	android:screenOrientation
		ADDED from AndroidManifest.xml:247:13
	android:theme
		ADDED from AndroidManifest.xml:248:13
	android:name
		ADDED from AndroidManifest.xml:246:13
activity#info.androidhive.materialdesign.activity.Simulation.FWGStop
ADDED from AndroidManifest.xml:250:9
	android:screenOrientation
		ADDED from AndroidManifest.xml:252:13
	android:theme
		ADDED from AndroidManifest.xml:253:13
	android:name
		ADDED from AndroidManifest.xml:251:13
activity#info.androidhive.materialdesign.activity.Instruction
ADDED from AndroidManifest.xml:255:9
	android:screenOrientation
		ADDED from AndroidManifest.xml:257:13
	android:theme
		ADDED from AndroidManifest.xml:258:13
	android:name
		ADDED from AndroidManifest.xml:256:13
uses-sdk
INJECTED from AndroidManifest.xml:0:0 reason: use-sdk injection requested
MERGED from com.android.support:appcompat-v7:23.2.1:21:5
MERGED from com.android.support:support-v4:24.0.0-alpha1:20:5
MERGED from com.android.support:animated-vector-drawable:23.2.1:5:5
MERGED from com.android.support:support-vector-drawable:23.2.1:5:5
MERGED from com.android.support:support-v4:24.0.0-alpha1:20:5
MERGED from com.android.support:support-vector-drawable:23.2.1:5:5
MERGED from com.android.support:support-v4:24.0.0-alpha1:20:5
MERGED from com.android.support:recyclerview-v7:23.1.1:20:5
MERGED from com.android.support:support-v4:24.0.0-alpha1:20:5
MERGED from com.github.Lukle:ClickableAreasImages:v0.1:7:5
MERGED from com.android.support:appcompat-v7:23.2.1:21:5
MERGED from com.android.support:support-v4:24.0.0-alpha1:20:5
MERGED from com.android.support:animated-vector-drawable:23.2.1:5:5
MERGED from com.android.support:support-vector-drawable:23.2.1:5:5
MERGED from com.android.support:support-v4:24.0.0-alpha1:20:5
MERGED from com.android.support:support-vector-drawable:23.2.1:5:5
MERGED from com.android.support:support-v4:24.0.0-alpha1:20:5
MERGED from com.commit451:PhotoView:1.2.4:8:5
MERGED from com.android.support:support-v4:24.0.0-alpha1:20:5
MERGED from com.android.support:design:23.1.1:20:5
MERGED from com.android.support:appcompat-v7:23.2.1:21:5
MERGED from com.android.support:support-v4:24.0.0-alpha1:20:5
MERGED from com.android.support:animated-vector-drawable:23.2.1:5:5
MERGED from com.android.support:support-vector-drawable:23.2.1:5:5
MERGED from com.android.support:support-v4:24.0.0-alpha1:20:5
MERGED from com.android.support:support-vector-drawable:23.2.1:5:5
MERGED from com.android.support:support-v4:24.0.0-alpha1:20:5
MERGED from com.android.support:recyclerview-v7:23.1.1:20:5
MERGED from com.android.support:support-v4:24.0.0-alpha1:20:5
MERGED from com.android.support:support-v4:24.0.0-alpha1:20:5
MERGED from com.android.support:support-v4:24.0.0-alpha1:20:5
	tools:overrideLibrary
		ADDED from com.android.support:appcompat-v7:23.2.1:23:9
	android:targetSdkVersion
		INJECTED from AndroidManifest.xml:0:0
		INJECTED from AndroidManifest.xml:0:0
	android:minSdkVersion
		INJECTED from AndroidManifest.xml:0:0
		INJECTED from AndroidManifest.xml:0:0